  [1m[35m (151.0ms)[0m  [1m[35mCREATE DATABASE "heroku_sample_development" ENCODING = 'unicode'[0m
  [1m[35m (51.7ms)[0m  [1m[35mCREATE DATABASE "heroku_sample_test" ENCODING = 'unicode'[0m
Started GET "/" for ::1 at 2021-06-24 20:33:19 +0300
Processing by WelcomeController#index as HTML
  Rendering welcome/index.html.erb within layouts/application
  Rendered welcome/index.html.erb within layouts/application (Duration: 1.7ms | Allocations: 326)
[Webpacker] Compiling...
Started GET "/" for ::1 at 2021-06-24 20:33:23 +0300
Processing by WelcomeController#index as HTML
  Rendering welcome/index.html.erb within layouts/application
  Rendered welcome/index.html.erb within layouts/application (Duration: 0.1ms | Allocations: 10)
[Webpacker] Compiling...
[Webpacker] Compiled all packs in /home/wrmk/projects/heroku_sample/public/packs
[Webpacker] Though the "loose" option was set to "false" in your @babel/preset-env config, it will not be used for @babel/plugin-proposal-private-methods since the "loose" mode option was set to "true" for @babel/plugin-proposal-class-properties.
The "loose" option must be the same for @babel/plugin-proposal-class-properties, @babel/plugin-proposal-private-methods and @babel/plugin-proposal-private-property-in-object (when they are enabled): you can silence this warning by explicitly adding
	["@babel/plugin-proposal-private-methods", { "loose": true }]
to the "plugins" section of your Babel config.
Though the "loose" option was set to "false" in your @babel/preset-env config, it will not be used for @babel/plugin-proposal-private-methods since the "loose" mode option was set to "true" for @babel/plugin-proposal-class-properties.
The "loose" option must be the same for @babel/plugin-proposal-class-properties, @babel/plugin-proposal-private-methods and @babel/plugin-proposal-private-property-in-object (when they are enabled): you can silence this warning by explicitly adding
	["@babel/plugin-proposal-private-methods", { "loose": true }]
to the "plugins" section of your Babel config.
Though the "loose" option was set to "false" in your @babel/preset-env config, it will not be used for @babel/plugin-proposal-private-methods since the "loose" mode option was set to "true" for @babel/plugin-proposal-class-properties.
The "loose" option must be the same for @babel/plugin-proposal-class-properties, @babel/plugin-proposal-private-methods and @babel/plugin-proposal-private-property-in-object (when they are enabled): you can silence this warning by explicitly adding
	["@babel/plugin-proposal-private-methods", { "loose": true }]
to the "plugins" section of your Babel config.
Though the "loose" option was set to "false" in your @babel/preset-env config, it will not be used for @babel/plugin-proposal-private-methods since the "loose" mode option was set to "true" for @babel/plugin-proposal-class-properties.
The "loose" option must be the same for @babel/plugin-proposal-class-properties, @babel/plugin-proposal-private-methods and @babel/plugin-proposal-private-property-in-object (when they are enabled): you can silence this warning by explicitly adding
	["@babel/plugin-proposal-private-methods", { "loose": true }]
to the "plugins" section of your Babel config.
Though the "loose" option was set to "false" in your @babel/preset-env config, it will not be used for @babel/plugin-proposal-private-methods since the "loose" mode option was set to "true" for @babel/plugin-proposal-class-properties.
The "loose" option must be the same for @babel/plugin-proposal-class-properties, @babel/plugin-proposal-private-methods and @babel/plugin-proposal-private-property-in-object (when they are enabled): you can silence this warning by explicitly adding
	["@babel/plugin-proposal-private-methods", { "loose": true }]
to the "plugins" section of your Babel config.
Though the "loose" option was set to "false" in your @babel/preset-env config, it will not be used for @babel/plugin-proposal-private-methods since the "loose" mode option was set to "true" for @babel/plugin-proposal-class-properties.
The "loose" option must be the same for @babel/plugin-proposal-class-properties, @babel/plugin-proposal-private-methods and @babel/plugin-proposal-private-property-in-object (when they are enabled): you can silence this warning by explicitly adding
	["@babel/plugin-proposal-private-methods", { "loose": true }]
to the "plugins" section of your Babel config.

[Webpacker] Hash: ef270c56fa66020c9089
Version: webpack 4.46.0
Time: 1864ms
Built at: 24.06.2021 20:33:23
                                     Asset       Size       Chunks                         Chunk Names
    js/application-e88c6c3304a15e6886b6.js    124 KiB  application  [emitted] [immutable]  application
js/application-e88c6c3304a15e6886b6.js.map    139 KiB  application  [emitted] [dev]        application
                             manifest.json  364 bytes               [emitted]              
Entrypoint application = js/application-e88c6c3304a15e6886b6.js js/application-e88c6c3304a15e6886b6.js.map
[./app/javascript/channels sync recursive _channel\.js$] ./app/javascript/channels sync _channel\.js$ 160 bytes {application} [built]
[./app/javascript/channels/index.js] 211 bytes {application} [built]
[./app/javascript/packs/application.js] 749 bytes {application} [built]
[./node_modules/webpack/buildin/module.js] (webpack)/buildin/module.js 552 bytes {application} [built]
    + 3 hidden modules

Completed 200 OK in 4121ms (Views: 4117.6ms | ActiveRecord: 0.0ms | Allocations: 24290)


[Webpacker] Compiled all packs in /home/wrmk/projects/heroku_sample/public/packs
[Webpacker] Hash: ef270c56fa66020c9089
Version: webpack 4.46.0
Time: 650ms
Built at: 24.06.2021 20:33:25
                                     Asset       Size       Chunks                         Chunk Names
    js/application-e88c6c3304a15e6886b6.js    124 KiB  application  [emitted] [immutable]  application
js/application-e88c6c3304a15e6886b6.js.map    139 KiB  application  [emitted] [dev]        application
                             manifest.json  364 bytes               [emitted]              
Entrypoint application = js/application-e88c6c3304a15e6886b6.js js/application-e88c6c3304a15e6886b6.js.map
[./app/javascript/channels sync recursive _channel\.js$] ./app/javascript/channels sync _channel\.js$ 160 bytes {application} [built]
[./app/javascript/channels/index.js] 211 bytes {application} [built]
[./app/javascript/packs/application.js] 749 bytes {application} [built]
[./node_modules/webpack/buildin/module.js] (webpack)/buildin/module.js 552 bytes {application} [built]
    + 3 hidden modules

Completed 200 OK in 2660ms (Views: 2658.7ms | ActiveRecord: 0.0ms | Allocations: 6350)


Started GET "/" for ::1 at 2021-06-24 21:10:22 +0300
Processing by WelcomeController#index as HTML
  Rendering welcome/index.html.erb within layouts/application
  Rendered welcome/index.html.erb within layouts/application (Duration: 1.2ms | Allocations: 213)
[Webpacker] Everything's up-to-date. Nothing to do
Completed 200 OK in 28ms (Views: 22.7ms | ActiveRecord: 0.0ms | Allocations: 6753)


Started GET "/" for ::1 at 2021-06-24 21:35:15 +0300
Processing by WelcomeController#index as HTML
  Rendering welcome/index.html.erb within layouts/application
  Rendered welcome/index.html.erb within layouts/application (Duration: 1.7ms | Allocations: 318)
[Webpacker] Everything's up-to-date. Nothing to do
Completed 200 OK in 71ms (Views: 65.6ms | ActiveRecord: 0.0ms | Allocations: 17495)


